<?xml version="1.0" encoding="UTF-8" ?>
<testsuite tests="1" failures="0" name="xyz.douzhan.blog.UserInfoGeneratorTest" time="0.747" errors="0" skipped="0">
  <properties>
    <property name="idea.version" value="2023.3"/>
    <property name="java.runtime.name" value="OpenJDK Runtime Environment"/>
    <property name="java.vm.version" value="17.0.7+7-LTS"/>
    <property name="sun.boot.library.path" value="D:\Programming\Environment\JDK17\bin"/>
    <property name="maven.multiModuleProjectDirectory" value="D:\Programming\Project\Java\douzhan-blog"/>
    <property name="java.vm.vendor" value="Microsoft"/>
    <property name="java.vendor.url" value="https://www.microsoft.com"/>
    <property name="guice.disable.misplaced.annotation.check" value="true"/>
    <property name="path.separator" value=";"/>
    <property name="java.vm.name" value="OpenJDK 64-Bit Server VM"/>
    <property name="sun.os.patch.level" value=""/>
    <property name="user.script" value=""/>
    <property name="user.country" value="CN"/>
    <property name="sun.java.launcher" value="SUN_STANDARD"/>
    <property name="java.vm.specification.name" value="Java Virtual Machine Specification"/>
    <property name="user.dir" value="D:\Programming\Project\Java\douzhan-blog"/>
    <property name="java.vm.compressedOopsMode" value="Zero based"/>
    <property name="java.runtime.version" value="17.0.7+7-LTS"/>
    <property name="os.arch" value="amd64"/>
    <property name="java.io.tmpdir" value="C:\Users\Chang\AppData\Local\Temp\"/>
    <property name="line.separator" value="
"/>
    <property name="java.vm.specification.vendor" value="Oracle Corporation"/>
    <property name="user.variant" value=""/>
    <property name="os.name" value="Windows 11"/>
    <property name="maven.ext.class.path" value="D:\Programming\IDE\IntelliJ IDEA 2023.1.3\plugins\maven\lib\maven-event-listener.jar"/>
    <property name="archetypeCatalog" value="internal"/>
    <property name="classworlds.conf" value="D:\Programming\Tools\apache-maven-3.6.1\bin\m2.conf"/>
    <property name="sun.jnu.encoding" value="GBK"/>
    <property name="java.library.path" value="D:\Programming\Environment\JDK17\bin;C:\WINDOWS\Sun\Java\bin;C:\WINDOWS\system32;C:\WINDOWS;D:\Application\VMWare17\bin\;D:\Programming\Environment\GOSDK\bin;D:\Programming\Environment\JDK17\bin;D:\Programming\Tools\apache-maven-3.6.1\bin;D:\Programming\Tools\mysql-8.0.31-winx64\bin;D:\Programming\Environment\Cpp\mingw64\bin;C:\WINDOWS\system32;C:\WINDOWS;C:\WINDOWS\System32\Wbem;C:\WINDOWS\System32\WindowsPowerShell\v1.0\;C:\WINDOWS\System32\OpenSSH\;C:\Program Files (x86)\NVIDIA Corporation\PhysX\Common;D:\Programming\Git\cmd;C:\Program Files\dotnet\;D:\Programming\Tools\微信web开发者工具\dll;D:\Application\AOMEI\AOMEI Backupper\6.9.5;D:\Programming\Environment\NodeJS\;C:\Program Files\Docker\Docker\resources\bin;C:\Program Files\OpenSSL-Win64\bin;D:\Programming\Environment\Python3.11\Scripts\;D:\Programming\Environment\Python3.11\;C:\Users\Chang\AppData\Local\Microsoft\WindowsApps;;D:\Programming\IDE\PyCharm 2023.1.3\bin;;D:\Programming\IDE\IntelliJ IDEA 2023.1.3\bin;;D:\Programming\IDE\GoLand 2023.1.3\bin;;D:\Programming\IDE\CLion 2023.1.4\bin;;D:\Programming\IDE\Microsoft VS Code\bin;C:\Users\Chang\go\bin;D:\Programming\Tools\cpola\;C:\Users\Chang\AppData\Roaming\npm;."/>
    <property name="jansi.passthrough" value="true"/>
    <property name="maven.conf" value="D:\Programming\Tools\apache-maven-3.6.1/conf"/>
    <property name="jdk.debug" value="release"/>
    <property name="java.class.version" value="61.0"/>
    <property name="java.specification.name" value="Java Platform API Specification"/>
    <property name="sun.management.compiler" value="HotSpot 64-Bit Tiered Compilers"/>
    <property name="maven.repo.local" value="D:\Programming\Tools\apache-maven-3.6.1\mvn_repo"/>
    <property name="os.version" value="10.0"/>
    <property name="user.home" value="C:\Users\Chang"/>
    <property name="user.timezone" value="Asia/Shanghai"/>
    <property name="file.encoding" value="UTF-8"/>
    <property name="java.specification.version" value="17"/>
    <property name="user.name" value="Chang"/>
    <property name="java.class.path" value="D:\Programming\Tools\apache-maven-3.6.1\boot\plexus-classworlds-2.6.0.jar"/>
    <property name="java.vm.specification.version" value="17"/>
    <property name="sun.arch.data.model" value="64"/>
    <property name="sun.java.command" value="org.codehaus.classworlds.Launcher -Didea.version=2023.3 -s D:\Programming\Tools\apache-maven-3.6.1\conf\settings.xml -Dmaven.repo.local=D:\Programming\Tools\apache-maven-3.6.1\mvn_repo install"/>
    <property name="java.home" value="D:\Programming\Environment\JDK17"/>
    <property name="user.language" value="zh"/>
    <property name="java.specification.vendor" value="Oracle Corporation"/>
    <property name="java.vm.info" value="mixed mode, sharing"/>
    <property name="java.version" value="17.0.7"/>
    <property name="native.encoding" value="GBK"/>
    <property name="java.vendor" value="Microsoft"/>
    <property name="maven.home" value="D:\Programming\Tools\apache-maven-3.6.1"/>
    <property name="file.separator" value="\"/>
    <property name="java.version.date" value="2023-04-18"/>
    <property name="java.vendor.url.bug" value="https://github.com/microsoft/openjdk/issues"/>
    <property name="sun.io.unicode.encoding" value="UnicodeLittle"/>
    <property name="sun.cpu.endian" value="little"/>
    <property name="java.vendor.version" value="Microsoft-7626293"/>
    <property name="sun.cpu.isalist" value="amd64"/>
  </properties>
  <testcase classname="xyz.douzhan.blog.UserInfoGeneratorTest" name="xyz.douzhan.blog.UserInfoGeneratorTest.testGen" time="0.747"/>
</testsuite>